2018-04-11 08:21:56,189:__main__:Add: 25 + 5 = 30
2018-04-11 08:21:56,189:__main__:Sub: 25 - 5 = 20
2018-04-11 08:21:56,189:__main__:Mul: 25 * 5 = 125
2018-04-11 08:21:56,189:__main__:Div: 25 / 5 = 5.0
2018-04-11 08:39:56,965:__main__:Tried to divide by zero
2018-04-11 08:40:11,615:__main__:Tried to divide by zero
Traceback (most recent call last):
  File "/root/Python Projects/Logging Advanced - Loggers, Handlers, and Formatters(corey).py", line 30, in divide
    result = x / y
ZeroDivisionError: division by zero
2018-04-11 08:41:58,741:__main__:Tried to divide by zero
Traceback (most recent call last):
  File "/root/Python Projects/Logging Advanced - Loggers, Handlers, and Formatters(corey).py", line 30, in divide
    result = x / y
ZeroDivisionError: division by zero
2018-04-11 08:43:13,741:__main__:Tried to divide by zero
Traceback (most recent call last):
  File "/root/Python Projects/Logging Advanced - Loggers, Handlers, and Formatters(corey).py", line 32, in divide
    result = x / y
ZeroDivisionError: division by zero
2018-04-11 08:44:07,776:__main__:Tried to divide by zero
Traceback (most recent call last):
  File "/root/Python Projects/Logging Advanced - Loggers, Handlers, and Formatters(corey).py", line 34, in divide
    result = x / y
ZeroDivisionError: division by zero
2018-04-11 08:47:48,470:__main__:Tried to divide by zero
Traceback (most recent call last):
  File "/root/Python Projects/Logging Advanced - Loggers, Handlers, and Formatters(corey).py", line 35, in divide
    result = x / y
ZeroDivisionError: division by zero
